<?xml version="1.0" encoding="UTF-8"?>
<!-- Generated by org.testng.reporters.JUnitReportReporter -->
<testsuite skipped="0" hostname="sceniks-MacBook-Pro.local" name="qaclickacademy.RESTAPITest" tests="2" failures="0" timestamp="12 Feb 2020 04:44:03 GMT" time="0.003" errors="0">
  <testcase name="deleteTwitter" time="0.002" classname="qaclickacademy.RESTAPITest"/>
  <testcase name="posJira" time="0.001" classname="qaclickacademy.RESTAPITest"/>
</testsuite> <!-- qaclickacademy.RESTAPITest -->
