<?xml version="1.0" encoding="UTF-8"?>
<!-- Generated by org.testng.reporters.JUnitReportReporter -->
<testsuite skipped="0" hostname="sceniks-MacBook-Pro.local" name="qaclickacademy.AppiumTest" tests="2" failures="0" timestamp="12 Feb 2020 04:44:03 GMT" time="0.007" errors="0">
  <testcase name="IOSApps" time="0.002" classname="qaclickacademy.AppiumTest"/>
  <testcase name="NativeAppAndroid" time="0.005" classname="qaclickacademy.AppiumTest"/>
</testsuite> <!-- qaclickacademy.AppiumTest -->
