<?xml version="1.0" encoding="UTF-8"?>
<!-- Generated by org.testng.reporters.JUnitReportReporter -->
<testsuite hostname="sceniks-MacBook-Pro.local" name="qaclickacademy.SeleniumTest" tests="2" failures="0" timestamp="21 Oct 2019 01:41:26 GMT" time="0.000" errors="0">
  <testcase name="BrowserAUtomation" time="0.000" classname="qaclickacademy.SeleniumTest"/>
  <testcase name="elementsUi" time="0.000" classname="qaclickacademy.SeleniumTest"/>
</testsuite> <!-- qaclickacademy.SeleniumTest -->
